<?xml version="1.0" encoding="UTF-8"?>
<testng-results ignored="0" total="1" passed="1" failed="0" skipped="0">
  <reporter-output>
  </reporter-output>
  <suite started-at="2024-01-16T16:37:13 IST" name="Default suite" finished-at="2024-01-16T16:38:30 IST" duration-ms="77201">
    <groups>
    </groups>
    <test started-at="2024-01-16T16:37:13 IST" name="Default test" finished-at="2024-01-16T16:38:30 IST" duration-ms="77201">
      <class name="Pages.SignUpTest">
        <test-method is-config="true" signature="setup()[pri:0, instance:Pages.SignUpTest@2362f559]" started-at="2024-01-16T16:37:13 IST" name="setup" finished-at="2024-01-16T16:37:22 IST" duration-ms="9611" status="PASS">
          <reporter-output>
          </reporter-output>
        </test-method> <!-- setup -->
        <test-method signature="testSignup()[pri:0, instance:Pages.SignUpTest@2362f559]" started-at="2024-01-16T16:37:23 IST" name="testSignup" finished-at="2024-01-16T16:38:30 IST" duration-ms="67496" status="PASS">
          <reporter-output>
          </reporter-output>
        </test-method> <!-- testSignup -->
      </class> <!-- Pages.SignUpTest -->
    </test> <!-- Default test -->
  </suite> <!-- Default suite -->
</testng-results>
